#
# A fatal error has been detected by the Java Runtime Environment:
#
#  EXCEPTION_ACCESS_VIOLATION (0xc0000005) at pc=0x00007ff8cfaaa401, pid=10888, tid=11088
#
# JRE version: Java(TM) SE Runtime Environment 18.9 (11.0.19+9) (build 11.0.19+9-LTS-224)
# Java VM: Java HotSpot(TM) 64-Bit Server VM 18.9 (11.0.19+9-LTS-224, mixed mode, tiered, compressed oops, g1 gc, windows-amd64)
# Problematic frame:
# V  [jvm.dll+0x68a401]
#
# No core dump will be written. Minidumps are not enabled by default on client versions of Windows
#
# If you would like to submit a bug report, please visit:
#   https://bugreport.java.com/bugreport/crash.jsp
#

---------------  S U M M A R Y ------------

Command Line: -Dfile.encoding=UTF-8 com.rays.ProjectOrsApplication

Host: Intel(R) Core(TM) i5-5300U CPU @ 2.30GHz, 4 cores, 7G,  Windows 11 , 64 bit Build 22621 (10.0.22621.1635)
Time: Sun May 28 22:14:23 2023 India Standard Time elapsed time: 34.872814 seconds (0d 0h 0m 34s)

---------------  T H R E A D  ---------------

Current thread (0x000001ee1d230800):  JavaThread "C2 CompilerThread1" daemon [_thread_in_native, id=11088, stack(0x000000e397a00000,0x000000e397b00000)]


Current CompileTask:
C2:  34873 4781   !   4       org.springframework.core.annotation.AnnotationUtils::getAnnotatedMethodsInBaseType (163 bytes)

Stack: [0x000000e397a00000,0x000000e397b00000],  sp=0x000000e397afb6c0,  free space=1005k
Native frames: (J=compiled Java code, j=interpreted, Vv=VM code, C=native code)
V  [jvm.dll+0x68a401]
V  [jvm.dll+0x212af6]
V  [jvm.dll+0x2105e4]
V  [jvm.dll+0x18c841]
V  [jvm.dll+0x220989]
V  [jvm.dll+0x21ecac]
V  [jvm.dll+0x766921]
V  [jvm.dll+0x75f2e4]
V  [jvm.dll+0x65ecc5]
C  [ucrtbase.dll+0x29363]
C  [KERNEL32.DLL+0x126ad]
C  [ntdll.dll+0x5a9f8]


siginfo: EXCEPTION_ACCESS_VIOLATION (0xc0000005), reading address 0x000077f8cfc8a500


Register to memory mapping:

RIP=0x00007ff8cfaaa401 jvm.dll
RAX=0x000077f8cfc8a500 is an unknown value
RBX=0x000001ee201a1150 points into unknown readable memory: 0x000077f8cfc8a500 | 00 a5 c8 cf f8 77 00 00
RCX=0x000001ee201a1150 points into unknown readable memory: 0x000077f8cfc8a500 | 00 a5 c8 cf f8 77 00 00
RDX=0x000001ee1cdcf8f4 points into unknown readable memory: 9f 1f 9d 6c
RSP=0x000000e397afb6c0 is pointing into the stack for thread: 0x000001ee1d230800
RBP=0x000000000000011e is an unknown value
RSI=0x0000000000003d48 is an unknown value
RDI=0x000000e397afb8e0 is pointing into the stack for thread: 0x000001ee1d230800
R8 =0x0000000000040000 is an unknown value
R9 =0x000001ee1ff187a8 points into unknown readable memory: 0x000001ee7da2b270 | 70 b2 a2 7d ee 01 00 00
R10=0x000001ee2019e868 points into unknown readable memory: 0x0000000000000000 | 00 00 00 00 00 00 00 00
R11=0x000001ee2019e7f8 points into unknown readable memory: 0x0000000000000000 | 00 00 00 00 00 00 00 00
R12=0x000001ee1f508e00 points into unknown readable memory: 0x0000000000000000 | 00 00 00 00 00 00 00 00
R13=0x000001ee21557f20 points into unknown readable memory: 0x0000000000000000 | 00 00 00 00 00 00 00 00
R14=0x000001ee2155e3f0 points into unknown readable memory: 0x697270732e67726f | 6f 72 67 2e 73 70 72 69
R15=0x0000000000000010 is an unknown value


Registers:
RAX=0x000077f8cfc8a500, RBX=0x000001ee201a1150, RCX=0x000001ee201a1150, RDX=0x000001ee1cdcf8f4
RSP=0x000000e397afb6c0, RBP=0x000000000000011e, RSI=0x0000000000003d48, RDI=0x000000e397afb8e0
R8 =0x0000000000040000, R9 =0x000001ee1ff187a8, R10=0x000001ee2019e868, R11=0x000001ee2019e7f8
R12=0x000001ee1f508e00, R13=0x000001ee21557f20, R14=0x000001ee2155e3f0, R15=0x0000000000000010
RIP=0x00007ff8cfaaa401, EFLAGS=0x0000000000010206

Top of Stack: (sp=0x000000e397afb6c0)
0x000000e397afb6c0:   000000000000012b 000001ee201a0610
0x000000e397afb6d0:   000000e397afe4d0 000001ee1f7f7180
0x000000e397afb6e0:   000001ee2155e3f0 00007ff8cf632af6
0x000000e397afb6f0:   000000e397afb7f0 0000000000000000
0x000000e397afb700:   000000e397afe4d0 000001ee1d5fbb40
0x000000e397afb710:   000001ee1d230800 000000e397afb830
0x000000e397afb720:   0000000000000000 00007ff8cf9713ef
0x000000e397afb730:   000001ee7f3835d8 0000000000000000
0x000000e397afb740:   00007ff8cfcae7a8 000001ee1d230800
0x000000e397afb750:   000001ee1d230800 000001ee1d5fbb40
0x000000e397afb760:   000001ee7f3835d8 000001ee7f3835d8
0x000000e397afb770:   000001ee1d230800 000000e397aff240
0x000000e397afb780:   000000e397afda60 000001ee1f89cf30
0x000000e397afb790:   0000000000000a10 00007ff8cf5d6866
0x000000e397afb7a0:   0000000000000000 00007ff8cfadc79b
0x000000e397afb7b0:   000001ee2155dc40 000001ee1f89d898 

Instructions: (pc=0x00007ff8cfaaa401)
0x00007ff8cfaaa3e1:   c0 74 53 8b e8 66 66 0f 1f 84 00 00 00 00 00 48
0x00007ff8cfaaa3f1:   8b 87 e8 09 00 00 48 8b 1c 06 48 8b cb 48 8b 03
0x00007ff8cfaaa401:   ff 10 05 16 ff ff ff a9 f7 ff ff ff 74 13 8b 4b
0x00007ff8cfaaa411:   2c 8b c1 24 07 3c 04 74 08 80 e1 1f 80 f9 10 75 


Stack slot to memory mapping:
stack at sp + 0 slots: 0x000000000000012b is an unknown value
stack at sp + 1 slots: 0x000001ee201a0610 points into unknown readable memory: 0x00007ff8cfd00d98 | 98 0d d0 cf f8 7f 00 00
stack at sp + 2 slots: 0x000000e397afe4d0 is pointing into the stack for thread: 0x000001ee1d230800
stack at sp + 3 slots: 0x000001ee1f7f7180 points into unknown readable memory: 0x000001ee1f7f71b8 | b8 71 7f 1f ee 01 00 00
stack at sp + 4 slots: 0x000001ee2155e3f0 points into unknown readable memory: 0x697270732e67726f | 6f 72 67 2e 73 70 72 69
stack at sp + 5 slots: 0x00007ff8cf632af6 jvm.dll
stack at sp + 6 slots: 0x000000e397afb7f0 is pointing into the stack for thread: 0x000001ee1d230800
stack at sp + 7 slots: 0x0 is NULL


---------------  P R O C E S S  ---------------

Threads class SMR info:
_java_thread_list=0x000001ee1f508d90, length=13, elements={
0x000001ee7da28000, 0x000001ee7ec01000, 0x000001ee7ec0e000, 0x000001ee7ec1b000,
0x000001ee7ec1c000, 0x000001ee7ec1d800, 0x000001ee7f486800, 0x000001ee7f493800,
0x000001ee7f497800, 0x000001ee7f5ed800, 0x000001ee1cc92800, 0x000001ee1cbf1000,
0x000001ee1d230800
}

Java Threads: ( => current thread )
  0x000001ee7da28000 JavaThread "main" [_thread_blocked, id=16016, stack(0x000000e396700000,0x000000e396800000)]
  0x000001ee7ec01000 JavaThread "Reference Handler" daemon [_thread_blocked, id=12492, stack(0x000000e396e00000,0x000000e396f00000)]
  0x000001ee7ec0e000 JavaThread "Finalizer" daemon [_thread_blocked, id=6752, stack(0x000000e396f00000,0x000000e397000000)]
  0x000001ee7ec1b000 JavaThread "Signal Dispatcher" daemon [_thread_blocked, id=17428, stack(0x000000e397000000,0x000000e397100000)]
  0x000001ee7ec1c000 JavaThread "Attach Listener" daemon [_thread_blocked, id=8912, stack(0x000000e397100000,0x000000e397200000)]
  0x000001ee7ec1d800 JavaThread "Service Thread" daemon [_thread_blocked, id=14276, stack(0x000000e397200000,0x000000e397300000)]
  0x000001ee7f486800 JavaThread "C2 CompilerThread0" daemon [_thread_in_native, id=5408, stack(0x000000e397300000,0x000000e397400000)]
  0x000001ee7f493800 JavaThread "C1 CompilerThread0" daemon [_thread_in_native, id=6840, stack(0x000000e397400000,0x000000e397500000)]
  0x000001ee7f497800 JavaThread "Sweeper thread" daemon [_thread_blocked, id=3216, stack(0x000000e397500000,0x000000e397600000)]
  0x000001ee7f5ed800 JavaThread "Common-Cleaner" daemon [_thread_blocked, id=3364, stack(0x000000e397700000,0x000000e397800000)]
  0x000001ee1cc92800 JavaThread "Thread-0" [_thread_blocked, id=12084, stack(0x000000e397b00000,0x000000e397c00000)]
  0x000001ee1cbf1000 JavaThread "restartedMain" [_thread_in_Java, id=7812, stack(0x000000e397c00000,0x000000e397d00000)]
=>0x000001ee1d230800 JavaThread "C2 CompilerThread1" daemon [_thread_in_native, id=11088, stack(0x000000e397a00000,0x000000e397b00000)]

Other Threads:
  0x000001ee7f441800 VMThread "VM Thread" [stack: 0x000000e396d00000,0x000000e396e00000] [id=15904]
  0x000001ee7f5f1000 WatcherThread [stack: 0x000000e397600000,0x000000e397700000] [id=16992]
  0x000001ee7da3e000 GCTaskThread "GC Thread#0" [stack: 0x000000e396800000,0x000000e396900000] [id=14612]
  0x000001ee1cc36800 GCTaskThread "GC Thread#1" [stack: 0x000000e397800000,0x000000e397900000] [id=11460]
  0x000001ee1cbc8000 GCTaskThread "GC Thread#2" [stack: 0x000000e397900000,0x000000e397a00000] [id=2596]
  0x000001ee1d2fa800 GCTaskThread "GC Thread#3" [stack: 0x000000e397e00000,0x000000e397f00000] [id=14924]
  0x000001ee7da6e800 ConcurrentGCThread "G1 Main Marker" [stack: 0x000000e396900000,0x000000e396a00000] [id=14296]
  0x000001ee7da6f800 ConcurrentGCThread "G1 Conc#0" [stack: 0x000000e396a00000,0x000000e396b00000] [id=15924]
  0x000001ee7ea6a800 ConcurrentGCThread "G1 Refine#0" [stack: 0x000000e396b00000,0x000000e396c00000] [id=4488]
  0x000001ee1d717800 ConcurrentGCThread "G1 Refine#1" [stack: 0x000000e397d00000,0x000000e397e00000] [id=13872]
  0x000001ee7ea6e000 ConcurrentGCThread "G1 Young RemSet Sampling" [stack: 0x000000e396c00000,0x000000e396d00000] [id=15888]

Threads with active compile tasks:
C2 CompilerThread0    35314 4785       4       org.springframework.asm.Frame::execute (2305 bytes)
C2 CompilerThread1    35315 4781   !   4       org.springframework.core.annotation.AnnotationUtils::getAnnotatedMethodsInBaseType (163 bytes)

VM state:not at safepoint (normal execution)

VM Mutex/Monitor currently owned by a thread: None

Heap address: 0x0000000081a00000, size: 2022 MB, Compressed Oops mode: 32-bit
Narrow klass base: 0x0000000000000000, Narrow klass shift: 3
Compressed class space size: 1073741824 Address: 0x0000000100000000

Heap:
 garbage-first heap   total 189440K, used 49642K [0x0000000081a00000, 0x0000000100000000)
  region size 1024K, 33 young (33792K), 11 survivors (11264K)
 Metaspace       used 44065K, capacity 45159K, committed 45356K, reserved 1089536K
  class space    used 5243K, capacity 5701K, committed 5760K, reserved 1048576K
Heap Regions: E=young(eden), S=young(survivor), O=old, HS=humongous(starts), HC=humongous(continues), CS=collection set, F=free, A=archive, TAMS=top-at-mark-start (previous, next)
|   0|0x0000000081a00000, 0x0000000081b00000, 0x0000000081b00000|100%|HS|  |TAMS 0x0000000081b00000, 0x0000000081a00000| Complete 
|   1|0x0000000081b00000, 0x0000000081c00000, 0x0000000081c00000|100%| O|  |TAMS 0x0000000081c00000, 0x0000000081b00000| Untracked 
|   2|0x0000000081c00000, 0x0000000081d00000, 0x0000000081d00000|100%| O|  |TAMS 0x0000000081d00000, 0x0000000081c00000| Untracked 
|   3|0x0000000081d00000, 0x0000000081e00000, 0x0000000081e00000|100%| O|  |TAMS 0x0000000081e00000, 0x0000000081d00000| Untracked 
|   4|0x0000000081e00000, 0x0000000081f00000, 0x0000000081f00000|100%| O|  |TAMS 0x0000000081f00000, 0x0000000081e00000| Untracked 
|   5|0x0000000081f00000, 0x0000000082000000, 0x0000000082000000|100%| O|  |TAMS 0x0000000082000000, 0x0000000081f00000| Untracked 
|   6|0x0000000082000000, 0x0000000082100000, 0x0000000082100000|100%| O|  |TAMS 0x0000000082100000, 0x0000000082000000| Untracked 
|   7|0x0000000082100000, 0x0000000082200000, 0x0000000082200000|100%| O|  |TAMS 0x0000000082200000, 0x0000000082100000| Untracked 
|   8|0x0000000082200000, 0x0000000082300000, 0x0000000082300000|100%| O|  |TAMS 0x0000000082300000, 0x0000000082200000| Untracked 
|   9|0x0000000082300000, 0x0000000082400000, 0x0000000082400000|100%| O|  |TAMS 0x0000000082400000, 0x0000000082300000| Untracked 
|  10|0x0000000082400000, 0x0000000082500000, 0x0000000082500000|100%| O|  |TAMS 0x000000008240a400, 0x0000000082400000| Untracked 
|  11|0x0000000082500000, 0x0000000082600000, 0x0000000082600000|100%| O|  |TAMS 0x0000000082500000, 0x0000000082500000| Untracked 
|  12|0x0000000082600000, 0x0000000082700000, 0x0000000082700000|100%| O|  |TAMS 0x0000000082600000, 0x0000000082600000| Untracked 
|  13|0x0000000082700000, 0x0000000082800000, 0x0000000082800000|100%| O|  |TAMS 0x0000000082700000, 0x0000000082700000| Untracked 
|  14|0x0000000082800000, 0x0000000082900000, 0x0000000082900000|100%| O|  |TAMS 0x0000000082800000, 0x0000000082800000| Untracked 
|  15|0x0000000082900000, 0x0000000082a00000, 0x0000000082a00000|100%| O|  |TAMS 0x0000000082900000, 0x0000000082900000| Untracked 
|  16|0x0000000082a00000, 0x0000000082a7a800, 0x0000000082b00000| 47%| O|  |TAMS 0x0000000082a00000, 0x0000000082a00000| Untracked 
|  17|0x0000000082b00000, 0x0000000082c00000, 0x0000000082c00000|100%|HS|  |TAMS 0x0000000082b00000, 0x0000000082b00000| Complete 
|  18|0x0000000082c00000, 0x0000000082c00000, 0x0000000082d00000|  0%| F|  |TAMS 0x0000000082c00000, 0x0000000082c00000| Untracked 
|  19|0x0000000082d00000, 0x0000000082d00000, 0x0000000082e00000|  0%| F|  |TAMS 0x0000000082d00000, 0x0000000082d00000| Untracked 
|  20|0x0000000082e00000, 0x0000000082e00000, 0x0000000082f00000|  0%| F|  |TAMS 0x0000000082e00000, 0x0000000082e00000| Untracked 
|  21|0x0000000082f00000, 0x0000000082f00000, 0x0000000083000000|  0%| F|  |TAMS 0x0000000082f00000, 0x0000000082f00000| Untracked 
|  22|0x0000000083000000, 0x0000000083000000, 0x0000000083100000|  0%| F|  |TAMS 0x0000000083000000, 0x0000000083000000| Untracked 
|  23|0x0000000083100000, 0x0000000083100000, 0x0000000083200000|  0%| F|  |TAMS 0x0000000083100000, 0x0000000083100000| Untracked 
|  24|0x0000000083200000, 0x0000000083200000, 0x0000000083300000|  0%| F|  |TAMS 0x0000000083200000, 0x0000000083200000| Untracked 
|  25|0x0000000083300000, 0x0000000083300000, 0x0000000083400000|  0%| F|  |TAMS 0x0000000083300000, 0x0000000083300000| Untracked 
|  26|0x0000000083400000, 0x0000000083400000, 0x0000000083500000|  0%| F|  |TAMS 0x0000000083400000, 0x0000000083400000| Untracked 
|  27|0x0000000083500000, 0x0000000083500000, 0x0000000083600000|  0%| F|  |TAMS 0x0000000083500000, 0x0000000083500000| Untracked 
|  28|0x0000000083600000, 0x0000000083600000, 0x0000000083700000|  0%| F|  |TAMS 0x0000000083600000, 0x0000000083600000| Untracked 
|  29|0x0000000083700000, 0x0000000083700000, 0x0000000083800000|  0%| F|  |TAMS 0x0000000083700000, 0x0000000083700000| Untracked 
|  30|0x0000000083800000, 0x0000000083800000, 0x0000000083900000|  0%| F|  |TAMS 0x0000000083800000, 0x0000000083800000| Untracked 
|  31|0x0000000083900000, 0x0000000083900000, 0x0000000083a00000|  0%| F|  |TAMS 0x0000000083900000, 0x0000000083900000| Untracked 
|  32|0x0000000083a00000, 0x0000000083a00000, 0x0000000083b00000|  0%| F|  |TAMS 0x0000000083a00000, 0x0000000083a00000| Untracked 
|  33|0x0000000083b00000, 0x0000000083b00000, 0x0000000083c00000|  0%| F|  |TAMS 0x0000000083b00000, 0x0000000083b00000| Untracked 
|  34|0x0000000083c00000, 0x0000000083c00000, 0x0000000083d00000|  0%| F|  |TAMS 0x0000000083c00000, 0x0000000083c00000| Untracked 
|  35|0x0000000083d00000, 0x0000000083d00000, 0x0000000083e00000|  0%| F|  |TAMS 0x0000000083d00000, 0x0000000083d00000| Untracked 
|  36|0x0000000083e00000, 0x0000000083e00000, 0x0000000083f00000|  0%| F|  |TAMS 0x0000000083e00000, 0x0000000083e00000| Untracked 
|  37|0x0000000083f00000, 0x0000000083f00000, 0x0000000084000000|  0%| F|  |TAMS 0x0000000083f00000, 0x0000000083f00000| Untracked 
|  38|0x0000000084000000, 0x0000000084000000, 0x0000000084100000|  0%| F|  |TAMS 0x0000000084000000, 0x0000000084000000| Untracked 
|  39|0x0000000084100000, 0x0000000084100000, 0x0000000084200000|  0%| F|  |TAMS 0x0000000084100000, 0x0000000084100000| Untracked 
|  40|0x0000000084200000, 0x0000000084200000, 0x0000000084300000|  0%| F|  |TAMS 0x0000000084200000, 0x0000000084200000| Untracked 
|  41|0x0000000084300000, 0x0000000084300000, 0x0000000084400000|  0%| F|  |TAMS 0x0000000084300000, 0x0000000084300000| Untracked 
|  42|0x0000000084400000, 0x0000000084400000, 0x0000000084500000|  0%| F|  |TAMS 0x0000000084400000, 0x0000000084400000| Untracked 
|  43|0x0000000084500000, 0x0000000084500000, 0x0000000084600000|  0%| F|  |TAMS 0x0000000084500000, 0x0000000084500000| Untracked 
|  44|0x0000000084600000, 0x0000000084600000, 0x0000000084700000|  0%| F|  |TAMS 0x0000000084600000, 0x0000000084600000| Untracked 
|  45|0x0000000084700000, 0x0000000084700000, 0x0000000084800000|  0%| F|  |TAMS 0x0000000084700000, 0x0000000084700000| Untracked 
|  46|0x0000000084800000, 0x0000000084800000, 0x0000000084900000|  0%| F|  |TAMS 0x0000000084800000, 0x0000000084800000| Untracked 
|  47|0x0000000084900000, 0x0000000084900000, 0x0000000084a00000|  0%| F|  |TAMS 0x0000000084900000, 0x0000000084900000| Untracked 
|  48|0x0000000084a00000, 0x0000000084a00000, 0x0000000084b00000|  0%| F|  |TAMS 0x0000000084a00000, 0x0000000084a00000| Untracked 
|  49|0x0000000084b00000, 0x0000000084b00000, 0x0000000084c00000|  0%| F|  |TAMS 0x0000000084b00000, 0x0000000084b00000| Untracked 
|  50|0x0000000084c00000, 0x0000000084c00000, 0x0000000084d00000|  0%| F|  |TAMS 0x0000000084c00000, 0x0000000084c00000| Untracked 
|  51|0x0000000084d00000, 0x0000000084d00000, 0x0000000084e00000|  0%| F|  |TAMS 0x0000000084d00000, 0x0000000084d00000| Untracked 
|  52|0x0000000084e00000, 0x0000000084e00000, 0x0000000084f00000|  0%| F|  |TAMS 0x0000000084e00000, 0x0000000084e00000| Untracked 
|  53|0x0000000084f00000, 0x0000000084f00000, 0x0000000085000000|  0%| F|  |TAMS 0x0000000084f00000, 0x0000000084f00000| Untracked 
|  54|0x0000000085000000, 0x0000000085000000, 0x0000000085100000|  0%| F|  |TAMS 0x0000000085000000, 0x0000000085000000| Untracked 
|  55|0x0000000085100000, 0x0000000085100000, 0x0000000085200000|  0%| F|  |TAMS 0x0000000085100000, 0x0000000085100000| Untracked 
|  56|0x0000000085200000, 0x0000000085300000, 0x0000000085300000|100%| S|CS|TAMS 0x0000000085200000, 0x0000000085200000| Complete 
|  57|0x0000000085300000, 0x0000000085400000, 0x0000000085400000|100%| S|CS|TAMS 0x0000000085300000, 0x0000000085300000| Complete 
|  58|0x0000000085400000, 0x0000000085500000, 0x0000000085500000|100%| S|CS|TAMS 0x0000000085400000, 0x0000000085400000| Complete 
|  59|0x0000000085500000, 0x0000000085600000, 0x0000000085600000|100%| S|CS|TAMS 0x0000000085500000, 0x0000000085500000| Complete 
|  60|0x0000000085600000, 0x0000000085700000, 0x0000000085700000|100%| S|CS|TAMS 0x0000000085600000, 0x0000000085600000| Complete 
|  61|0x0000000085700000, 0x0000000085800000, 0x0000000085800000|100%| S|CS|TAMS 0x0000000085700000, 0x0000000085700000| Complete 
|  62|0x0000000085800000, 0x0000000085900000, 0x0000000085900000|100%| S|CS|TAMS 0x0000000085800000, 0x0000000085800000| Complete 
|  63|0x0000000085900000, 0x0000000085a00000, 0x0000000085a00000|100%| S|CS|TAMS 0x0000000085900000, 0x0000000085900000| Complete 
|  64|0x0000000085a00000, 0x0000000085b00000, 0x0000000085b00000|100%| S|CS|TAMS 0x0000000085a00000, 0x0000000085a00000| Complete 
|  65|0x0000000085b00000, 0x0000000085c00000, 0x0000000085c00000|100%| S|CS|TAMS 0x0000000085b00000, 0x0000000085b00000| Complete 
|  66|0x0000000085c00000, 0x0000000085d00000, 0x0000000085d00000|100%| S|CS|TAMS 0x0000000085c00000, 0x0000000085c00000| Complete 
|  67|0x0000000085d00000, 0x0000000085d00000, 0x0000000085e00000|  0%| F|  |TAMS 0x0000000085d00000, 0x0000000085d00000| Untracked 
|  68|0x0000000085e00000, 0x0000000085e00000, 0x0000000085f00000|  0%| F|  |TAMS 0x0000000085e00000, 0x0000000085e00000| Untracked 
|  69|0x0000000085f00000, 0x0000000085f00000, 0x0000000086000000|  0%| F|  |TAMS 0x0000000085f00000, 0x0000000085f00000| Untracked 
|  70|0x0000000086000000, 0x0000000086000000, 0x0000000086100000|  0%| F|  |TAMS 0x0000000086000000, 0x0000000086000000| Untracked 
|  71|0x0000000086100000, 0x0000000086100000, 0x0000000086200000|  0%| F|  |TAMS 0x0000000086100000, 0x0000000086100000| Untracked 
|  72|0x0000000086200000, 0x0000000086200000, 0x0000000086300000|  0%| F|  |TAMS 0x0000000086200000, 0x0000000086200000| Untracked 
|  73|0x0000000086300000, 0x0000000086300000, 0x0000000086400000|  0%| F|  |TAMS 0x0000000086300000, 0x0000000086300000| Untracked 
|  74|0x0000000086400000, 0x0000000086400000, 0x0000000086500000|  0%| F|  |TAMS 0x0000000086400000, 0x0000000086400000| Untracked 
|  75|0x0000000086500000, 0x0000000086500000, 0x0000000086600000|  0%| F|  |TAMS 0x0000000086500000, 0x0000000086500000| Untracked 
|  76|0x0000000086600000, 0x0000000086600000, 0x0000000086700000|  0%| F|  |TAMS 0x0000000086600000, 0x0000000086600000| Untracked 
|  77|0x0000000086700000, 0x0000000086700000, 0x0000000086800000|  0%| F|  |TAMS 0x0000000086700000, 0x0000000086700000| Untracked 
|  78|0x0000000086800000, 0x0000000086800000, 0x0000000086900000|  0%| F|  |TAMS 0x0000000086800000, 0x0000000086800000| Untracked 
|  79|0x0000000086900000, 0x0000000086900000, 0x0000000086a00000|  0%| F|  |TAMS 0x0000000086900000, 0x0000000086900000| Untracked 
|  80|0x0000000086a00000, 0x0000000086a00000, 0x0000000086b00000|  0%| F|  |TAMS 0x0000000086a00000, 0x0000000086a00000| Untracked 
|  81|0x0000000086b00000, 0x0000000086b00000, 0x0000000086c00000|  0%| F|  |TAMS 0x0000000086b00000, 0x0000000086b00000| Untracked 
|  82|0x0000000086c00000, 0x0000000086c00000, 0x0000000086d00000|  0%| F|  |TAMS 0x0000000086c00000, 0x0000000086c00000| Untracked 
|  83|0x0000000086d00000, 0x0000000086d00000, 0x0000000086e00000|  0%| F|  |TAMS 0x0000000086d00000, 0x0000000086d00000| Untracked 
|  84|0x0000000086e00000, 0x0000000086e00000, 0x0000000086f00000|  0%| F|  |TAMS 0x0000000086e00000, 0x0000000086e00000| Untracked 
|  85|0x0000000086f00000, 0x0000000086f00000, 0x0000000087000000|  0%| F|  |TAMS 0x0000000086f00000, 0x0000000086f00000| Untracked 
|  86|0x0000000087000000, 0x0000000087000000, 0x0000000087100000|  0%| F|  |TAMS 0x0000000087000000, 0x0000000087000000| Untracked 
|  87|0x0000000087100000, 0x0000000087100000, 0x0000000087200000|  0%| F|  |TAMS 0x0000000087100000, 0x0000000087100000| Untracked 
|  88|0x0000000087200000, 0x0000000087200000, 0x0000000087300000|  0%| F|  |TAMS 0x0000000087200000, 0x0000000087200000| Untracked 
|  89|0x0000000087300000, 0x0000000087300000, 0x0000000087400000|  0%| F|  |TAMS 0x0000000087300000, 0x0000000087300000| Untracked 
|  90|0x0000000087400000, 0x0000000087400000, 0x0000000087500000|  0%| F|  |TAMS 0x0000000087400000, 0x0000000087400000| Untracked 
|  91|0x0000000087500000, 0x0000000087500000, 0x0000000087600000|  0%| F|  |TAMS 0x0000000087500000, 0x0000000087500000| Untracked 
|  92|0x0000000087600000, 0x0000000087600000, 0x0000000087700000|  0%| F|  |TAMS 0x0000000087600000, 0x0000000087600000| Untracked 
|  93|0x0000000087700000, 0x0000000087700000, 0x0000000087800000|  0%| F|  |TAMS 0x0000000087700000, 0x0000000087700000| Untracked 
|  94|0x0000000087800000, 0x0000000087800000, 0x0000000087900000|  0%| F|  |TAMS 0x0000000087800000, 0x0000000087800000| Untracked 
|  95|0x0000000087900000, 0x0000000087900000, 0x0000000087a00000|  0%| F|  |TAMS 0x0000000087900000, 0x0000000087900000| Untracked 
|  96|0x0000000087a00000, 0x0000000087a00000, 0x0000000087b00000|  0%| F|  |TAMS 0x0000000087a00000, 0x0000000087a00000| Untracked 
|  97|0x0000000087b00000, 0x0000000087b00000, 0x0000000087c00000|  0%| F|  |TAMS 0x0000000087b00000, 0x0000000087b00000| Untracked 
|  98|0x0000000087c00000, 0x0000000087c00000, 0x0000000087d00000|  0%| F|  |TAMS 0x0000000087c00000, 0x0000000087c00000| Untracked 
|  99|0x0000000087d00000, 0x0000000087d00000, 0x0000000087e00000|  0%| F|  |TAMS 0x0000000087d00000, 0x0000000087d00000| Untracked 
| 100|0x0000000087e00000, 0x0000000087e00000, 0x0000000087f00000|  0%| F|  |TAMS 0x0000000087e00000, 0x0000000087e00000| Untracked 
| 101|0x0000000087f00000, 0x0000000087f00000, 0x0000000088000000|  0%| F|  |TAMS 0x0000000087f00000, 0x0000000087f00000| Untracked 
| 102|0x0000000088000000, 0x0000000088000000, 0x0000000088100000|  0%| F|  |TAMS 0x0000000088000000, 0x0000000088000000| Untracked 
| 103|0x0000000088100000, 0x0000000088100000, 0x0000000088200000|  0%| F|  |TAMS 0x0000000088100000, 0x0000000088100000| Untracked 
| 104|0x0000000088200000, 0x0000000088200000, 0x0000000088300000|  0%| F|  |TAMS 0x0000000088200000, 0x0000000088200000| Untracked 
| 105|0x0000000088300000, 0x0000000088300000, 0x0000000088400000|  0%| F|  |TAMS 0x0000000088300000, 0x0000000088300000| Untracked 
| 106|0x0000000088400000, 0x0000000088400000, 0x0000000088500000|  0%| F|  |TAMS 0x0000000088400000, 0x0000000088400000| Untracked 
| 107|0x0000000088500000, 0x0000000088500000, 0x0000000088600000|  0%| F|  |TAMS 0x0000000088500000, 0x0000000088500000| Untracked 
| 108|0x0000000088600000, 0x0000000088600000, 0x0000000088700000|  0%| F|  |TAMS 0x0000000088600000, 0x0000000088600000| Untracked 
| 109|0x0000000088700000, 0x0000000088700000, 0x0000000088800000|  0%| F|  |TAMS 0x0000000088700000, 0x0000000088700000| Untracked 
| 110|0x0000000088800000, 0x0000000088800000, 0x0000000088900000|  0%| F|  |TAMS 0x0000000088800000, 0x0000000088800000| Untracked 
| 111|0x0000000088900000, 0x0000000088900000, 0x0000000088a00000|  0%| F|  |TAMS 0x0000000088900000, 0x0000000088900000| Untracked 
| 112|0x0000000088a00000, 0x0000000088a00000, 0x0000000088b00000|  0%| F|  |TAMS 0x0000000088a00000, 0x0000000088a00000| Untracked 
| 113|0x0000000088b00000, 0x0000000088b00000, 0x0000000088c00000|  0%| F|  |TAMS 0x0000000088b00000, 0x0000000088b00000| Untracked 
| 114|0x0000000088c00000, 0x0000000088c00000, 0x0000000088d00000|  0%| F|  |TAMS 0x0000000088c00000, 0x0000000088c00000| Untracked 
| 115|0x0000000088d00000, 0x0000000088d00000, 0x0000000088e00000|  0%| F|  |TAMS 0x0000000088d00000, 0x0000000088d00000| Untracked 
| 116|0x0000000088e00000, 0x0000000088e00000, 0x0000000088f00000|  0%| F|  |TAMS 0x0000000088e00000, 0x0000000088e00000| Untracked 
| 117|0x0000000088f00000, 0x0000000088f00000, 0x0000000089000000|  0%| F|  |TAMS 0x0000000088f00000, 0x0000000088f00000| Untracked 
| 118|0x0000000089000000, 0x0000000089000000, 0x0000000089100000|  0%| F|  |TAMS 0x0000000089000000, 0x0000000089000000| Untracked 
| 119|0x0000000089100000, 0x0000000089100000, 0x0000000089200000|  0%| F|  |TAMS 0x0000000089100000, 0x0000000089100000| Untracked 
| 120|0x0000000089200000, 0x0000000089200000, 0x0000000089300000|  0%| F|  |TAMS 0x0000000089200000, 0x0000000089200000| Untracked 
| 121|0x0000000089300000, 0x0000000089300000, 0x0000000089400000|  0%| F|  |TAMS 0x0000000089300000, 0x0000000089300000| Untracked 
| 122|0x0000000089400000, 0x0000000089400000, 0x0000000089500000|  0%| F|  |TAMS 0x0000000089400000, 0x0000000089400000| Untracked 
| 123|0x0000000089500000, 0x0000000089500000, 0x0000000089600000|  0%| F|  |TAMS 0x0000000089500000, 0x0000000089500000| Untracked 
| 124|0x0000000089600000, 0x0000000089600000, 0x0000000089700000|  0%| F|  |TAMS 0x0000000089600000, 0x0000000089600000| Untracked 
| 125|0x0000000089700000, 0x0000000089700000, 0x0000000089800000|  0%| F|  |TAMS 0x0000000089700000, 0x0000000089700000| Untracked 
| 126|0x0000000089800000, 0x0000000089800000, 0x0000000089900000|  0%| F|  |TAMS 0x0000000089800000, 0x0000000089800000| Untracked 
| 127|0x0000000089900000, 0x0000000089900000, 0x0000000089a00000|  0%| F|  |TAMS 0x0000000089900000, 0x0000000089900000| Untracked 
| 128|0x0000000089a00000, 0x0000000089a00000, 0x0000000089b00000|  0%| F|  |TAMS 0x0000000089a00000, 0x0000000089a00000| Untracked 
| 129|0x0000000089b00000, 0x0000000089b00000, 0x0000000089c00000|  0%| F|  |TAMS 0x0000000089b00000, 0x0000000089b00000| Untracked 
| 130|0x0000000089c00000, 0x0000000089c00000, 0x0000000089d00000|  0%| F|  |TAMS 0x0000000089c00000, 0x0000000089c00000| Untracked 
| 131|0x0000000089d00000, 0x0000000089d00000, 0x0000000089e00000|  0%| F|  |TAMS 0x0000000089d00000, 0x0000000089d00000| Untracked 
| 132|0x0000000089e00000, 0x0000000089e00000, 0x0000000089f00000|  0%| F|  |TAMS 0x0000000089e00000, 0x0000000089e00000| Untracked 
| 133|0x0000000089f00000, 0x0000000089f00000, 0x000000008a000000|  0%| F|  |TAMS 0x0000000089f00000, 0x0000000089f00000| Untracked 
| 134|0x000000008a000000, 0x000000008a000000, 0x000000008a100000|  0%| F|  |TAMS 0x000000008a000000, 0x000000008a000000| Untracked 
| 135|0x000000008a100000, 0x000000008a100000, 0x000000008a200000|  0%| F|  |TAMS 0x000000008a100000, 0x000000008a100000| Untracked 
| 136|0x000000008a200000, 0x000000008a200000, 0x000000008a300000|  0%| F|  |TAMS 0x000000008a200000, 0x000000008a200000| Untracked 
| 137|0x000000008a300000, 0x000000008a300000, 0x000000008a400000|  0%| F|  |TAMS 0x000000008a300000, 0x000000008a300000| Untracked 
| 138|0x000000008a400000, 0x000000008a400000, 0x000000008a500000|  0%| F|  |TAMS 0x000000008a400000, 0x000000008a400000| Untracked 
| 139|0x000000008a500000, 0x000000008a500000, 0x000000008a600000|  0%| F|  |TAMS 0x000000008a500000, 0x000000008a500000| Untracked 
| 140|0x000000008a600000, 0x000000008a600000, 0x000000008a700000|  0%| F|  |TAMS 0x000000008a600000, 0x000000008a600000| Untracked 
| 141|0x000000008a700000, 0x000000008a700000, 0x000000008a800000|  0%| F|  |TAMS 0x000000008a700000, 0x000000008a700000| Untracked 
| 142|0x000000008a800000, 0x000000008a800000, 0x000000008a900000|  0%| F|  |TAMS 0x000000008a800000, 0x000000008a800000| Untracked 
| 143|0x000000008a900000, 0x000000008a900000, 0x000000008aa00000|  0%| F|  |TAMS 0x000000008a900000, 0x000000008a900000| Untracked 
| 144|0x000000008aa00000, 0x000000008aa00000, 0x000000008ab00000|  0%| F|  |TAMS 0x000000008aa00000, 0x000000008aa00000| Untracked 
| 145|0x000000008ab00000, 0x000000008ab00000, 0x000000008ac00000|  0%| F|  |TAMS 0x000000008ab00000, 0x000000008ab00000| Untracked 
| 146|0x000000008ac00000, 0x000000008ac00000, 0x000000008ad00000|  0%| F|  |TAMS 0x000000008ac00000, 0x000000008ac00000| Untracked 
| 147|0x000000008ad00000, 0x000000008ad00000, 0x000000008ae00000|  0%| F|  |TAMS 0x000000008ad00000, 0x000000008ad00000| Untracked 
| 148|0x000000008ae00000, 0x000000008ae00000, 0x000000008af00000|  0%| F|  |TAMS 0x000000008ae00000, 0x000000008ae00000| Untracked 
| 149|0x000000008af00000, 0x000000008af00000, 0x000000008b000000|  0%| F|  |TAMS 0x000000008af00000, 0x000000008af00000| Untracked 
| 150|0x000000008b000000, 0x000000008b000000, 0x000000008b100000|  0%| F|  |TAMS 0x000000008b000000, 0x000000008b000000| Untracked 
| 151|0x000000008b100000, 0x000000008b100000, 0x000000008b200000|  0%| F|  |TAMS 0x000000008b100000, 0x000000008b100000| Untracked 
| 152|0x000000008b200000, 0x000000008b200000, 0x000000008b300000|  0%| F|  |TAMS 0x000000008b200000, 0x000000008b200000| Untracked 
| 153|0x000000008b300000, 0x000000008b300000, 0x000000008b400000|  0%| F|  |TAMS 0x000000008b300000, 0x000000008b300000| Untracked 
| 154|0x000000008b400000, 0x000000008b400000, 0x000000008b500000|  0%| F|  |TAMS 0x000000008b400000, 0x000000008b400000| Untracked 
| 155|0x000000008b500000, 0x000000008b500000, 0x000000008b600000|  0%| F|  |TAMS 0x000000008b500000, 0x000000008b500000| Untracked 
| 156|0x000000008b600000, 0x000000008b600000, 0x000000008b700000|  0%| F|  |TAMS 0x000000008b600000, 0x000000008b600000| Untracked 
| 157|0x000000008b700000, 0x000000008b700000, 0x000000008b800000|  0%| F|  |TAMS 0x000000008b700000, 0x000000008b700000| Untracked 
| 158|0x000000008b800000, 0x000000008b800000, 0x000000008b900000|  0%| F|  |TAMS 0x000000008b800000, 0x000000008b800000| Untracked 
| 159|0x000000008b900000, 0x000000008b900000, 0x000000008ba00000|  0%| F|  |TAMS 0x000000008b900000, 0x000000008b900000| Untracked 
| 160|0x000000008ba00000, 0x000000008ba00000, 0x000000008bb00000|  0%| F|  |TAMS 0x000000008ba00000, 0x000000008ba00000| Untracked 
| 161|0x000000008bb00000, 0x000000008bb00000, 0x000000008bc00000|  0%| F|  |TAMS 0x000000008bb00000, 0x000000008bb00000| Untracked 
| 162|0x000000008bc00000, 0x000000008bc00000, 0x000000008bd00000|  0%| F|  |TAMS 0x000000008bc00000, 0x000000008bc00000| Untracked 
| 163|0x000000008bd00000, 0x000000008be00000, 0x000000008be00000|100%| E|  |TAMS 0x000000008bd00000, 0x000000008bd00000| Complete 
| 164|0x000000008be00000, 0x000000008bf00000, 0x000000008bf00000|100%| E|CS|TAMS 0x000000008be00000, 0x000000008be00000| Complete 
| 165|0x000000008bf00000, 0x000000008c000000, 0x000000008c000000|100%| E|CS|TAMS 0x000000008bf00000, 0x000000008bf00000| Complete 
| 166|0x000000008c000000, 0x000000008c100000, 0x000000008c100000|100%| E|CS|TAMS 0x000000008c000000, 0x000000008c000000| Complete 
| 167|0x000000008c100000, 0x000000008c200000, 0x000000008c200000|100%| E|CS|TAMS 0x000000008c100000, 0x000000008c100000| Complete 
| 168|0x000000008c200000, 0x000000008c300000, 0x000000008c300000|100%| E|CS|TAMS 0x000000008c200000, 0x000000008c200000| Complete 
| 169|0x000000008c300000, 0x000000008c400000, 0x000000008c400000|100%| E|CS|TAMS 0x000000008c300000, 0x000000008c300000| Complete 
| 170|0x000000008c400000, 0x000000008c500000, 0x000000008c500000|100%| E|CS|TAMS 0x000000008c400000, 0x000000008c400000| Complete 
| 171|0x000000008c500000, 0x000000008c600000, 0x000000008c600000|100%| E|CS|TAMS 0x000000008c500000, 0x000000008c500000| Complete 
| 172|0x000000008c600000, 0x000000008c700000, 0x000000008c700000|100%| E|CS|TAMS 0x000000008c600000, 0x000000008c600000| Complete 
| 173|0x000000008c700000, 0x000000008c800000, 0x000000008c800000|100%| E|CS|TAMS 0x000000008c700000, 0x000000008c700000| Complete 
| 174|0x000000008c800000, 0x000000008c900000, 0x000000008c900000|100%| E|CS|TAMS 0x000000008c800000, 0x000000008c800000| Complete 
| 175|0x000000008c900000, 0x000000008ca00000, 0x000000008ca00000|100%| E|CS|TAMS 0x000000008c900000, 0x000000008c900000| Complete 
| 176|0x000000008ca00000, 0x000000008cb00000, 0x000000008cb00000|100%| E|CS|TAMS 0x000000008ca00000, 0x000000008ca00000| Complete 
| 177|0x000000008cb00000, 0x000000008cc00000, 0x000000008cc00000|100%| E|  |TAMS 0x000000008cb00000, 0x000000008cb00000| Complete 
| 178|0x000000008cc00000, 0x000000008cd00000, 0x000000008cd00000|100%| E|CS|TAMS 0x000000008cc00000, 0x000000008cc00000| Complete 
| 179|0x000000008cd00000, 0x000000008ce00000, 0x000000008ce00000|100%| E|CS|TAMS 0x000000008cd00000, 0x000000008cd00000| Complete 
| 180|0x000000008ce00000, 0x000000008cf00000, 0x000000008cf00000|100%| E|CS|TAMS 0x000000008ce00000, 0x000000008ce00000| Complete 
| 181|0x000000008cf00000, 0x000000008d000000, 0x000000008d000000|100%| E|CS|TAMS 0x000000008cf00000, 0x000000008cf00000| Complete 
| 182|0x000000008d000000, 0x000000008d100000, 0x000000008d100000|100%| E|CS|TAMS 0x000000008d000000, 0x000000008d000000| Complete 
| 183|0x000000008d100000, 0x000000008d200000, 0x000000008d200000|100%| E|CS|TAMS 0x000000008d100000, 0x000000008d100000| Complete 
| 184|0x000000008d200000, 0x000000008d300000, 0x000000008d300000|100%| E|CS|TAMS 0x000000008d200000, 0x000000008d200000| Complete 

Card table byte_map: [0x000001ee7def0000,0x000001ee7e2f0000] _byte_map_base: 0x000001ee7dae3000

Marking Bits (Prev, Next): (CMBitMap*) 0x000001ee7da65a28, (CMBitMap*) 0x000001ee7da65a60
 Prev Bits: [0x000001ee16600000, 0x000001ee18598000)
 Next Bits: [0x000001ee185a0000, 0x000001ee1a538000)

Polling page: 0x000001ee7d1f0000

Metaspace:

Usage:
  Non-class:     38.53 MB capacity,    37.92 MB ( 98%) used,   505.41 KB (  1%) free+waste,   123.88 KB ( <1%) overhead. 
      Class:      5.57 MB capacity,     5.12 MB ( 92%) used,   395.08 KB (  7%) free+waste,    60.12 KB (  1%) overhead. 
       Both:     44.10 MB capacity,    43.04 MB ( 98%) used,   900.48 KB (  2%) free+waste,   184.00 KB ( <1%) overhead. 

Virtual space:
  Non-class space:       40.00 MB reserved,      38.67 MB ( 97%) committed 
      Class space:        1.00 GB reserved,       5.62 MB ( <1%) committed 
             Both:        1.04 GB reserved,      44.29 MB (  4%) committed 

Chunk freelists:
   Non-Class:  1.25 KB
       Class:  3.38 KB
        Both:  4.62 KB

CodeHeap 'non-profiled nmethods': size=120064Kb used=2743Kb max_used=2743Kb free=117320Kb
 bounds [0x000001ee0f0c0000, 0x000001ee0f370000, 0x000001ee16600000]
CodeHeap 'profiled nmethods': size=120000Kb used=11900Kb max_used=11900Kb free=108099Kb
 bounds [0x000001ee07b90000, 0x000001ee08730000, 0x000001ee0f0c0000]
CodeHeap 'non-nmethods': size=5696Kb used=1162Kb max_used=1200Kb free=4533Kb
 bounds [0x000001ee07600000, 0x000001ee07870000, 0x000001ee07b90000]
 total_blobs=5358 nmethods=4853 adapters=416
 compilation: enabled
              stopped_count=0, restarted_count=0
 full_count=0

Compilation events (10 events):
Event: 34.798 Thread 0x000001ee7f493800 nmethod 4858 0x000001ee0f36ca90 code [0x000001ee0f36cc20, 0x000001ee0f36ccd8]
Event: 34.822 Thread 0x000001ee7f493800 4861       3       io.micrometer.core.instrument.binder.logging.MetricsTurboFilter::decide (161 bytes)
Event: 34.825 Thread 0x000001ee7f493800 nmethod 4861 0x000001ee0870d310 code [0x000001ee0870d580, 0x000001ee0870e078]
Event: 34.825 Thread 0x000001ee7f493800 4862       3       ch.qos.logback.classic.Logger::getEffectiveLevel (8 bytes)
Event: 34.826 Thread 0x000001ee7f493800 nmethod 4862 0x000001ee0870e410 code [0x000001ee0870e5c0, 0x000001ee0870e748]
Event: 34.831 Thread 0x000001ee7f493800 4863       3       org.springframework.util.ReflectionUtils::findField (7 bytes)
Event: 34.831 Thread 0x000001ee7f493800 nmethod 4863 0x000001ee0870e810 code [0x000001ee0870e9c0, 0x000001ee0870eac8]
Event: 34.832 Thread 0x000001ee7f493800 4864       1       org.springframework.aop.support.annotation.AnnotationMatchingPointcut::getClassFilter (5 bytes)
Event: 34.832 Thread 0x000001ee7f493800 nmethod 4864 0x000001ee0f36cd90 code [0x000001ee0f36cf20, 0x000001ee0f36cfd8]
Event: 34.840 Thread 0x000001ee7f493800 4865       3       org.springframework.aop.framework.autoproxy.AutoProxyUtils::isOriginalInstance (55 bytes)

GC Heap History (10 events):
Event: 8.785 GC heap before
{Heap before GC invocations=4 (full 0):
 garbage-first heap   total 131072K, used 12499K [0x0000000081a00000, 0x0000000100000000)
  region size 1024K, 6 young (6144K), 3 survivors (3072K)
 Metaspace       used 20774K, capacity 21156K, committed 21248K, reserved 1069056K
  class space    used 2400K, capacity 2555K, committed 2560K, reserved 1048576K
}
Event: 8.806 GC heap after
{Heap after GC invocations=5 (full 0):
 garbage-first heap   total 157696K, used 10520K [0x0000000081a00000, 0x0000000100000000)
  region size 1024K, 3 young (3072K), 3 survivors (3072K)
 Metaspace       used 20774K, capacity 21156K, committed 21248K, reserved 1069056K
  class space    used 2400K, capacity 2555K, committed 2560K, reserved 1048576K
}
Event: 14.023 GC heap before
{Heap before GC invocations=6 (full 0):
 garbage-first heap   total 157696K, used 59672K [0x0000000081a00000, 0x0000000100000000)
  region size 1024K, 51 young (52224K), 3 survivors (3072K)
 Metaspace       used 28081K, capacity 28729K, committed 28928K, reserved 1075200K
  class space    used 3228K, capacity 3488K, committed 3584K, reserved 1048576K
}
Event: 14.049 GC heap after
{Heap after GC invocations=7 (full 0):
 garbage-first heap   total 157696K, used 13329K [0x0000000081a00000, 0x0000000100000000)
  region size 1024K, 6 young (6144K), 6 survivors (6144K)
 Metaspace       used 28081K, capacity 28729K, committed 28928K, reserved 1075200K
  class space    used 3228K, capacity 3488K, committed 3584K, reserved 1048576K
}
Event: 20.472 GC heap before
{Heap before GC invocations=7 (full 0):
 garbage-first heap   total 157696K, used 75793K [0x0000000081a00000, 0x0000000100000000)
  region size 1024K, 67 young (68608K), 6 survivors (6144K)
 Metaspace       used 31643K, capacity 32472K, committed 32768K, reserved 1077248K
  class space    used 3714K, capacity 4041K, committed 4096K, reserved 1048576K
}
Event: 20.519 GC heap after
{Heap after GC invocations=8 (full 0):
 garbage-first heap   total 157696K, used 16928K [0x0000000081a00000, 0x0000000100000000)
  region size 1024K, 8 young (8192K), 8 survivors (8192K)
 Metaspace       used 31643K, capacity 32472K, committed 32768K, reserved 1077248K
  class space    used 3714K, capacity 4041K, committed 4096K, reserved 1048576K
}
Event: 25.117 GC heap before
{Heap before GC invocations=8 (full 0):
 garbage-first heap   total 157696K, used 53792K [0x0000000081a00000, 0x0000000100000000)
  region size 1024K, 45 young (46080K), 8 survivors (8192K)
 Metaspace       used 34695K, capacity 35514K, committed 35628K, reserved 1081344K
  class space    used 4100K, capacity 4453K, committed 4480K, reserved 1048576K
}
Event: 25.166 GC heap after
{Heap after GC invocations=9 (full 0):
 garbage-first heap   total 157696K, used 18461K [0x0000000081a00000, 0x0000000100000000)
  region size 1024K, 8 young (8192K), 8 survivors (8192K)
 Metaspace       used 34695K, capacity 35514K, committed 35628K, reserved 1081344K
  class space    used 4100K, capacity 4453K, committed 4480K, reserved 1048576K
}
Event: 33.195 GC heap before
{Heap before GC invocations=10 (full 0):
 garbage-first heap   total 157696K, used 98333K [0x0000000081a00000, 0x0000000100000000)
  region size 1024K, 87 young (89088K), 8 survivors (8192K)
 Metaspace       used 42902K, capacity 43882K, committed 44076K, reserved 1087488K
  class space    used 5082K, capacity 5501K, committed 5504K, reserved 1048576K
}
Event: 33.340 GC heap after
{Heap after GC invocations=11 (full 0):
 garbage-first heap   total 189440K, used 28138K [0x0000000081a00000, 0x0000000100000000)
  region size 1024K, 11 young (11264K), 11 survivors (11264K)
 Metaspace       used 42902K, capacity 43882K, committed 44076K, reserved 1087488K
  class space    used 5082K, capacity 5501K, committed 5504K, reserved 1048576K
}

Deoptimization events (10 events):
Event: 32.937 Thread 0x000001ee1cbf1000 Uncommon trap: reason=null_check action=make_not_entrant pc=0x000001ee0f15a658 method=java.net.URL.getURLStreamHandler(Ljava/lang/String;)Ljava/net/URLStreamHandler; @ 7 c2
Event: 32.960 Thread 0x000001ee1cbf1000 Uncommon trap: reason=class_check action=maybe_recompile pc=0x000001ee0f225ce0 method=java.util.zip.InflaterInputStream.read([BII)I @ 100 c2
Event: 32.966 Thread 0x000001ee1cbf1000 Uncommon trap: reason=class_check action=maybe_recompile pc=0x000001ee0f225ce0 method=java.util.zip.InflaterInputStream.read([BII)I @ 100 c2
Event: 32.970 Thread 0x000001ee1cbf1000 Uncommon trap: reason=class_check action=maybe_recompile pc=0x000001ee0f225ce0 method=java.util.zip.InflaterInputStream.read([BII)I @ 100 c2
Event: 32.974 Thread 0x000001ee1cbf1000 Uncommon trap: reason=class_check action=maybe_recompile pc=0x000001ee0f225ce0 method=java.util.zip.InflaterInputStream.read([BII)I @ 100 c2
Event: 34.547 Thread 0x000001ee1cbf1000 Uncommon trap: reason=unstable_if action=reinterpret pc=0x000001ee0f2305b8 method=jdk.internal.org.objectweb.asm.Type.getArgumentsAndReturnSizes(Ljava/lang/String;)I @ 41 c2
Event: 34.798 Thread 0x000001ee1cbf1000 Uncommon trap: reason=profile_predicate action=maybe_recompile pc=0x000001ee0f36c064 method=java.lang.PublicMethods$MethodList.filter([Ljava/lang/reflect/Method;Ljava/lang/String;[Ljava/lang/Class;Z)Ljava/lang/PublicMethods$MethodList; @ 21 c2
Event: 34.798 Thread 0x000001ee1cbf1000 Uncommon trap: reason=profile_predicate action=maybe_recompile pc=0x000001ee0f36c064 method=java.lang.PublicMethods$MethodList.filter([Ljava/lang/reflect/Method;Ljava/lang/String;[Ljava/lang/Class;Z)Ljava/lang/PublicMethods$MethodList; @ 21 c2
Event: 34.798 Thread 0x000001ee1cbf1000 Uncommon trap: reason=profile_predicate action=maybe_recompile pc=0x000001ee0f36c064 method=java.lang.PublicMethods$MethodList.filter([Ljava/lang/reflect/Method;Ljava/lang/String;[Ljava/lang/Class;Z)Ljava/lang/PublicMethods$MethodList; @ 21 c2
Event: 34.798 Thread 0x000001ee1cbf1000 Uncommon trap: reason=profile_predicate action=maybe_recompile pc=0x000001ee0f36c064 method=java.lang.PublicMethods$MethodList.filter([Ljava/lang/reflect/Method;Ljava/lang/String;[Ljava/lang/Class;Z)Ljava/lang/PublicMethods$MethodList; @ 21 c2

Classes redefined (0 events):
No events

Internal exceptions (10 events):
Event: 32.937 Thread 0x000001ee1cbf1000 Implicit null exception at 0x000001ee0f15829c to 0x000001ee0f15a648
Event: 33.714 Thread 0x000001ee1cbf1000 Exception <a 'java/io/FileNotFoundException'{0x000000008cd78070}> (0x000000008cd78070) thrown at [./open/src/hotspot/share/prims/jni.cpp, line 611]
Event: 33.895 Thread 0x000001ee1cbf1000 Exception <a 'java/lang/NoSuchMethodError'{0x000000008cbcdc60}: java.lang.invoke.DirectMethodHandle$Holder.invokeInterface(Ljava/lang/Object;Ljava/lang/Object;Ljava/lang/Object;Ljava/lang/Object;)I> (0x000000008cbcdc60) thrown at [./open/src/hotspot/share
Event: 34.214 Thread 0x000001ee1cbf1000 Exception <a 'java/lang/NoSuchMethodError'{0x000000008c8267d0}: java.lang.invoke.DirectMethodHandle$Holder.invokeStaticInit(Ljava/lang/Object;Ljava/lang/Object;Ljava/lang/Object;Ljava/lang/Object;)Ljava/lang/Object;> (0x000000008c8267d0) thrown at [./open
Event: 34.609 Thread 0x000001ee1cbf1000 Exception <a 'java/lang/NoSuchMethodError'{0x000000008c4b6b78}: java.lang.invoke.DirectMethodHandle$Holder.invokeSpecial(Ljava/lang/Object;Ljava/lang/Object;Ljava/lang/Object;Ljava/lang/Object;Ljava/lang/Object;Ljava/lang/Object;Ljava/lang/Object;Ljava/la
Event: 34.610 Thread 0x000001ee1cbf1000 Exception <a 'java/lang/NoSuchMethodError'{0x000000008c4bb018}: java.lang.invoke.Invokers$Holder.linkToTargetMethod(Ljava/lang/Object;Ljava/lang/Object;Ljava/lang/Object;Ljava/lang/Object;Ljava/lang/Object;Ljava/lang/Object;Ljava/lang/Object;Ljava/lang/Ob
Event: 34.625 Thread 0x000001ee1cbf1000 Exception <a 'java/lang/NoSuchMethodError'{0x000000008c4d1458}: java.lang.invoke.DirectMethodHandle$Holder.invokeStatic(Ljava/lang/Object;Ljava/lang/Object;)D> (0x000000008c4d1458) thrown at [./open/src/hotspot/share/interpreter/linkResolver.cpp, line 772
Event: 34.681 Thread 0x000001ee1cbf1000 Exception <a 'java/lang/NoSuchMethodError'{0x000000008c32b790}: java.lang.invoke.DirectMethodHandle$Holder.invokeSpecial(Ljava/lang/Object;Ljava/lang/Object;Ljava/lang/Object;)D> (0x000000008c32b790) thrown at [./open/src/hotspot/share/interpreter/linkRes
Event: 34.707 Thread 0x000001ee1cbf1000 Exception <a 'java/lang/NoSuchMethodError'{0x000000008c354f18}: java.lang.invoke.DirectMethodHandle$Holder.invokeSpecial(Ljava/lang/Object;Ljava/lang/Object;)V> (0x000000008c354f18) thrown at [./open/src/hotspot/share/interpreter/linkResolver.cpp, line 77
Event: 34.794 Thread 0x000001ee1cbf1000 Exception <a 'java/lang/NoSuchMethodError'{0x000000008c240bd0}: java.lang.invoke.DirectMethodHandle$Holder.invokeSpecialIFC(Ljava/lang/Object;Ljava/lang/Object;Ljava/lang/Object;Ljava/lang/Object;)Ljava/lang/Object;> (0x000000008c240bd0) thrown at [./open

Events (10 events):
Event: 34.798 Thread 0x000001ee1cbf1000 DEOPT PACKING pc=0x000001ee0f36c064 sp=0x000000e397cfc730
Event: 34.798 Thread 0x000001ee1cbf1000 DEOPT UNPACKING pc=0x000001ee076265af sp=0x000000e397cfc6c8 mode 2
Event: 34.798 Thread 0x000001ee1cbf1000 Uncommon trap: trap_request=0xffffffbe fr.pc=0x000001ee0f36c064 relative=0x0000000000000624
Event: 34.798 Thread 0x000001ee1cbf1000 DEOPT PACKING pc=0x000001ee0f36c064 sp=0x000000e397cfc680
Event: 34.798 Thread 0x000001ee1cbf1000 DEOPT UNPACKING pc=0x000001ee076265af sp=0x000000e397cfc618 mode 2
Event: 34.798 Thread 0x000001ee1cbf1000 Uncommon trap: trap_request=0xffffffbe fr.pc=0x000001ee0f36c064 relative=0x0000000000000624
Event: 34.798 Thread 0x000001ee1cbf1000 DEOPT PACKING pc=0x000001ee0f36c064 sp=0x000000e397cfc680
Event: 34.798 Thread 0x000001ee1cbf1000 DEOPT UNPACKING pc=0x000001ee076265af sp=0x000000e397cfc618 mode 2
Event: 34.824 loading class org/springframework/boot/actuate/autoconfigure/endpoint/web/ServletEndpointManagementContextConfiguration$JerseyServletEndpointManagementContextConfiguration
Event: 34.824 loading class org/springframework/boot/actuate/autoconfigure/endpoint/web/ServletEndpointManagementContextConfiguration$JerseyServletEndpointManagementContextConfiguration done


Dynamic libraries:
0x00007ff69f670000 - 0x00007ff69f680000 	C:\Program Files\Java\jdk-11\bin\javaw.exe
0x00007ff93cd70000 - 0x00007ff93cf84000 	C:\Windows\SYSTEM32\ntdll.dll
0x00007ff93bce0000 - 0x00007ff93bda2000 	C:\Windows\System32\KERNEL32.DLL
0x00007ff93a7c0000 - 0x00007ff93ab63000 	C:\Windows\System32\KERNELBASE.dll
0x00007ff93a210000 - 0x00007ff93a321000 	C:\Windows\System32\ucrtbase.dll
0x00007ff92ee80000 - 0x00007ff92ee9b000 	C:\Program Files\Java\jdk-11\bin\VCRUNTIME140.dll
0x00007ff931d30000 - 0x00007ff931d49000 	C:\Program Files\Java\jdk-11\bin\jli.dll
0x00007ff93bfd0000 - 0x00007ff93c07e000 	C:\Windows\System32\ADVAPI32.dll
0x00007ff93add0000 - 0x00007ff93ae77000 	C:\Windows\System32\msvcrt.dll
0x00007ff93ac80000 - 0x00007ff93ad24000 	C:\Windows\System32\sechost.dll
0x00007ff93af00000 - 0x00007ff93b017000 	C:\Windows\System32\RPCRT4.dll
0x00007ff93b0a0000 - 0x00007ff93b24b000 	C:\Windows\System32\USER32.dll
0x00007ff93a510000 - 0x00007ff93a536000 	C:\Windows\System32\win32u.dll
0x00007ff93bbd0000 - 0x00007ff93bbf9000 	C:\Windows\System32\GDI32.dll
0x00007ff92c1f0000 - 0x00007ff92c47e000 	C:\Windows\WinSxS\amd64_microsoft.windows.common-controls_6595b64144ccf1df_6.0.22621.1635_none_270f70857386168e\COMCTL32.dll
0x00007ff93a6a0000 - 0x00007ff93a7b8000 	C:\Windows\System32\gdi32full.dll
0x00007ff93a600000 - 0x00007ff93a69a000 	C:\Windows\System32\msvcp_win.dll
0x00007ff9298d0000 - 0x00007ff9298da000 	C:\Windows\SYSTEM32\VERSION.dll
0x00007ff93ac40000 - 0x00007ff93ac71000 	C:\Windows\System32\IMM32.DLL
0x00007ff9374d0000 - 0x00007ff9374dc000 	C:\Program Files\Java\jdk-11\bin\vcruntime140_1.dll
0x00007ff90f710000 - 0x00007ff90f79e000 	C:\Program Files\Java\jdk-11\bin\msvcp140.dll
0x00007ff8cf420000 - 0x00007ff8cff8c000 	C:\Program Files\Java\jdk-11\bin\server\jvm.dll
0x00007ff93bcb0000 - 0x00007ff93bcb8000 	C:\Windows\System32\PSAPI.DLL
0x00007ff933350000 - 0x00007ff933384000 	C:\Windows\SYSTEM32\WINMM.dll
0x00007ff9259e0000 - 0x00007ff9259e9000 	C:\Windows\SYSTEM32\WSOCK32.dll
0x00007ff93abc0000 - 0x00007ff93ac31000 	C:\Windows\System32\WS2_32.dll
0x00007ff9392d0000 - 0x00007ff9392e8000 	C:\Windows\SYSTEM32\kernel.appcore.dll
0x00007ff935850000 - 0x00007ff935860000 	C:\Program Files\Java\jdk-11\bin\verify.dll
0x00007ff931870000 - 0x00007ff931a9e000 	C:\Windows\SYSTEM32\DBGHELP.DLL
0x00007ff93b6e0000 - 0x00007ff93ba69000 	C:\Windows\System32\combase.dll
0x00007ff93cb40000 - 0x00007ff93cc17000 	C:\Windows\System32\OLEAUT32.dll
0x00007ff925470000 - 0x00007ff9254a2000 	C:\Windows\SYSTEM32\dbgcore.DLL
0x00007ff93a190000 - 0x00007ff93a20b000 	C:\Windows\System32\bcryptPrimitives.dll
0x00007ff92c880000 - 0x00007ff92c8a8000 	C:\Program Files\Java\jdk-11\bin\java.dll
0x00007ff92eed0000 - 0x00007ff92eeda000 	C:\Program Files\Java\jdk-11\bin\jimage.dll
0x00007ff92e870000 - 0x00007ff92e887000 	C:\Program Files\Java\jdk-11\bin\zip.dll
0x00007ff93c080000 - 0x00007ff93c87a000 	C:\Windows\System32\SHELL32.dll
0x00007ff9381a0000 - 0x00007ff938a6e000 	C:\Windows\SYSTEM32\windows.storage.dll
0x00007ff938060000 - 0x00007ff93819e000 	C:\Windows\SYSTEM32\wintypes.dll
0x00007ff93bad0000 - 0x00007ff93bbc1000 	C:\Windows\System32\SHCORE.dll
0x00007ff93ba70000 - 0x00007ff93bace000 	C:\Windows\System32\shlwapi.dll
0x00007ff93a0c0000 - 0x00007ff93a0e1000 	C:\Windows\SYSTEM32\profapi.dll
0x00007ff92e7e0000 - 0x00007ff92e7f9000 	C:\Program Files\Java\jdk-11\bin\net.dll
0x00007ff9313c0000 - 0x00007ff9314f7000 	C:\Windows\SYSTEM32\WINHTTP.dll
0x00007ff939740000 - 0x00007ff9397a9000 	C:\Windows\system32\mswsock.dll
0x00007ff92e640000 - 0x00007ff92e652000 	C:\Program Files\Java\jdk-11\bin\nio.dll
0x00007ff92f5d0000 - 0x00007ff92f5d9000 	C:\Program Files\Java\jdk-11\bin\management.dll
0x00007ff92f5c0000 - 0x00007ff92f5cb000 	C:\Program Files\Java\jdk-11\bin\management_ext.dll
0x00007ff923450000 - 0x00007ff923467000 	C:\Windows\system32\napinsp.dll
0x00007ff923430000 - 0x00007ff92344b000 	C:\Windows\system32\pnrpnsp.dll
0x00007ff938db0000 - 0x00007ff938ea3000 	C:\Windows\SYSTEM32\DNSAPI.dll
0x00007ff938d40000 - 0x00007ff938d6d000 	C:\Windows\SYSTEM32\IPHLPAPI.DLL
0x00007ff93b6d0000 - 0x00007ff93b6d9000 	C:\Windows\System32\NSI.dll
0x00007ff923410000 - 0x00007ff923421000 	C:\Windows\System32\winrnr.dll
0x00007ff9301b0000 - 0x00007ff9301c5000 	C:\Windows\system32\wshbth.dll
0x00007ff9233e0000 - 0x00007ff923401000 	C:\Windows\system32\nlansp_c.dll
0x00007ff928cd0000 - 0x00007ff928cda000 	C:\Windows\System32\rasadhlp.dll
0x00007ff92d6a0000 - 0x00007ff92d724000 	C:\Windows\System32\fwpuclnt.dll
0x00007ff9399a0000 - 0x00007ff9399bb000 	C:\Windows\SYSTEM32\CRYPTSP.dll
0x00007ff939240000 - 0x00007ff939275000 	C:\Windows\system32\rsaenh.dll
0x00007ff939840000 - 0x00007ff939868000 	C:\Windows\SYSTEM32\USERENV.dll
0x00007ff939b60000 - 0x00007ff939b88000 	C:\Windows\SYSTEM32\bcrypt.dll
0x00007ff9399c0000 - 0x00007ff9399cc000 	C:\Windows\SYSTEM32\CRYPTBASE.dll
0x00007ff933030000 - 0x00007ff933049000 	C:\Windows\SYSTEM32\dhcpcsvc6.DLL
0x00007ff931280000 - 0x00007ff93129f000 	C:\Windows\SYSTEM32\dhcpcsvc.DLL

dbghelp: loaded successfully - version: 4.0.5 - missing functions: none
symbol engine: initialized successfully - sym options: 0x614 - pdb path: .;C:\Program Files\Java\jdk-11\bin;C:\Windows\SYSTEM32;C:\Windows\WinSxS\amd64_microsoft.windows.common-controls_6595b64144ccf1df_6.0.22621.1635_none_270f70857386168e;C:\Program Files\Java\jdk-11\bin\server

VM Arguments:
jvm_args: -Dfile.encoding=UTF-8 
java_command: com.rays.ProjectOrsApplication
java_class_path (initial): D:\Project\Pro10\projectORS\target\classes;C:\Users\aryan\.m2\repository\org\springframework\boot\spring-boot-starter-actuator\2.1.2.RELEASE\spring-boot-starter-actuator-2.1.2.RELEASE.jar;C:\Users\aryan\.m2\repository\org\springframework\boot\spring-boot-starter\2.1.2.RELEASE\spring-boot-starter-2.1.2.RELEASE.jar;C:\Users\aryan\.m2\repository\org\springframework\boot\spring-boot-starter-logging\2.1.2.RELEASE\spring-boot-starter-logging-2.1.2.RELEASE.jar;C:\Users\aryan\.m2\repository\ch\qos\logback\logback-classic\1.2.3\logback-classic-1.2.3.jar;C:\Users\aryan\.m2\repository\ch\qos\logback\logback-core\1.2.3\logback-core-1.2.3.jar;C:\Users\aryan\.m2\repository\org\apache\logging\log4j\log4j-to-slf4j\2.11.1\log4j-to-slf4j-2.11.1.jar;C:\Users\aryan\.m2\repository\org\apache\logging\log4j\log4j-api\2.11.1\log4j-api-2.11.1.jar;C:\Users\aryan\.m2\repository\org\slf4j\jul-to-slf4j\1.7.25\jul-to-slf4j-1.7.25.jar;C:\Users\aryan\.m2\repository\javax\annotation\javax.annotation-api\1.3.2\javax.annotation-api-1.3.2.jar;C:\Users\aryan\.m2\repository\org\yaml\snakeyaml\1.23\snakeyaml-1.23.jar;C:\Users\aryan\.m2\repository\org\springframework\boot\spring-boot-actuator-autoconfigure\2.1.2.RELEASE\spring-boot-actuator-autoconfigure-2.1.2.RELEASE.jar;C:\Users\aryan\.m2\repository\org\springframework\boot\spring-boot-actuator\2.1.2.RELEASE\spring-boot-actuator-2.1.2.RELEASE.jar;C:\Users\aryan\.m2\repository\org\springframework\spring-context\5.1.4.RELEASE\spring-context-5.1.4.RELEASE.jar;C:\Users\aryan\.m2\repository\com\fasterxml\jackson\datatype\jackson-datatype-jsr310\2.9.8\jackson-datatype-jsr310-2.9.8.jar;C:\Users\aryan\.m2\repository\io\micrometer\micrometer-core\1.1.2\micrometer-core-1.1.2.jar;C:\Users\aryan\.m2\repository\org\hdrhistogram\HdrHistogram\2.1.9\HdrHistogram-2.1.9.jar;C:\Users\aryan\.m2\repository\org\latencyutils\LatencyUtils\2.0.3\LatencyUtils-2.0.3.jar;C:\Users\aryan\.m2\repository\org\springframework\boot\spring-boot-devtools\2.1.2.
Launcher Type: SUN_STANDARD

[Global flags]
     intx CICompilerCount                          = 3                                         {product} {ergonomic}
     uint ConcGCThreads                            = 1                                         {product} {ergonomic}
     uint G1ConcRefinementThreads                  = 4                                         {product} {ergonomic}
   size_t G1HeapRegionSize                         = 1048576                                   {product} {ergonomic}
    uintx GCDrainStackTargetSize                   = 64                                        {product} {ergonomic}
   size_t InitialHeapSize                          = 134217728                                 {product} {ergonomic}
   size_t MarkStackSize                            = 4194304                                   {product} {ergonomic}
   size_t MaxHeapSize                              = 2120220672                                {product} {ergonomic}
   size_t MaxNewSize                               = 1271922688                                {product} {ergonomic}
   size_t MinHeapDeltaBytes                        = 1048576                                   {product} {ergonomic}
    uintx NonNMethodCodeHeapSize                   = 5830732                                {pd product} {ergonomic}
    uintx NonProfiledCodeHeapSize                  = 122913754                              {pd product} {ergonomic}
    uintx ProfiledCodeHeapSize                     = 122913754                              {pd product} {ergonomic}
    uintx ReservedCodeCacheSize                    = 251658240                              {pd product} {ergonomic}
     bool SegmentedCodeCache                       = true                                      {product} {ergonomic}
     bool UseCompressedClassPointers               = true                                 {lp64_product} {ergonomic}
     bool UseCompressedOops                        = true                                 {lp64_product} {ergonomic}
     bool UseG1GC                                  = true                                      {product} {ergonomic}
     bool UseLargePagesIndividualAllocation        = false                                  {pd product} {ergonomic}

Logging:
Log output configuration:
 #0: stdout all=warning uptime,level,tags
 #1: stderr all=off uptime,level,tags

Environment Variables:
JAVA_HOME=C:\Program Files\Java\jdk-11
PATH=C:\Program Files\Common Files\Oracle\Java\javapath;C:\Windows\system32;C:\Windows;C:\Windows\System32\Wbem;C:\Windows\System32\WindowsPowerShell\v1.0\;C:\Windows\System32\OpenSSH\;C:\Program Files\dotnet\;C:\Program Files\Java\jdk-11\bin;C:\Program Files\nodejs\;C:\Users\aryan\AppData\Local\Microsoft\WindowsApps;C:\Users\aryan\AppData\Local\Programs\Microsoft VS Code\bin;C:\Program Files\apache-maven-3.9.1\bin;C:\Users\aryan\AppData\Roaming\npm;C:\adb;C:\Users\aryan\AppData\Local\Microsoft\WindowsApps;C:\Users\aryan\AppData\Local\Programs\Microsoft VS Code\bin;C:\Program Files\apache-maven-3.9.1\bin;C:\Users\aryan\AppData\Roaming\npm;C:\Users\aryan\AppData\Local\GitHubDesktop\bin
USERNAME=Aryant
OS=Windows_NT
PROCESSOR_IDENTIFIER=Intel64 Family 6 Model 61 Stepping 4, GenuineIntel



---------------  S Y S T E M  ---------------

OS: Windows 11 , 64 bit Build 22621 (10.0.22621.1635)

CPU:total 4 (initial active 4) (2 cores per cpu, 2 threads per core) family 6 model 61 stepping 4 microcode 0x2f, cmov, cx8, fxsr, mmx, sse, sse2, sse3, ssse3, sse4.1, sse4.2, popcnt, avx, avx2, aes, clmul, erms, rtm, 3dnowpref, lzcnt, ht, tsc, tscinvbit, bmi1, bmi2, adx, fma

Memory: 4k page, system-wide physical 8082M (2076M free)
TotalPageFile size 9632M (AvailPageFile size 1726M)
current process WorkingSet (physical memory assigned to process): 282M, peak: 282M
current process commit charge ("private bytes"): 361M, peak: 363M

vm_info: Java HotSpot(TM) 64-Bit Server VM (11.0.19+9-LTS-224) for windows-amd64 JRE (11.0.19+9-LTS-224), built on Mar 27 2023 08:48:55 by "mach5one" with MS VC++ 17.1 (VS2022)

END.
